<?xml version="1.0" encoding="UTF-8"?>
<!-- Generated by org.testng.reporters.JUnitXMLReporter -->
<testsuite hostname="Airats-MBP.fios-router.home" ignored="0" name="Command line test" tests="2" failures="0" timestamp="20 Nov 2019 05:07:27 GMT" time="1.69" errors="0">
  <testcase name="find_userId_contains_username_use_to_the_next_scenario" time="1.465" classname="steps.StepsDefinition"/>
  <testcase name="find_comments_contains_userId_check_emails" time="0.208" classname="steps.StepsDefinition"/>
</testsuite> <!-- Command line test -->
